# JRE version: OpenJDK Runtime Environment (17.0.6) (build 17.0.6+0-b2043.56-9586694)
# Java VM: OpenJDK 64-Bit Server VM (17.0.6+0-b2043.56-9586694, mixed mode, tiered, compressed oops, compressed class ptrs, g1 gc, windows-amd64)
GC Precious Log:
 CPUs: 8 total, 8 available
 Memory: 3285M
 Large Page Support: Disabled
 NUMA Support: Disabled
 Compressed Oops: Enabled (32-bit)
 Heap Region Size: 1M
 Heap Min Capacity: 8M
 Heap Initial Capacity: 52M
 Heap Max Capacity: 2G
 Pre-touch: Disabled
 Parallel Workers: 8
 Concurrent Workers: 2
 Concurrent Refinement Workers: 8
 Periodic GC: Disabled
Heap:
 garbage-first heap   total 275456K, used 162162K [0x0000000080000000, 0x0000000100000000)
  region size 1024K, 6 young (6144K), 6 survivors (6144K)
 Metaspace       used 115785K, committed 116480K, reserved 1155072K
  class space    used 15557K, committed 15872K, reserved 1048576K
GC Heap History (20 events):
Event: 22.274 GC heap after
{Heap after GC invocations=57 (full 0):
 garbage-first heap   total 273408K, used 83473K [0x0000000080000000, 0x0000000100000000)
  region size 1024K, 10 young (10240K), 10 survivors (10240K)
 Metaspace       used 86852K, committed 87360K, reserved 1130496K
  class space    used 11591K, committed 11840K, reserved 1048576K
}
Event: 22.407 GC heap before
{Heap before GC invocations=57 (full 0):
 garbage-first heap   total 273408K, used 86545K [0x0000000080000000, 0x0000000100000000)
  region size 1024K, 13 young (13312K), 10 survivors (10240K)
 Metaspace       used 87094K, committed 87744K, reserved 1130496K
  class space    used 11625K, committed 11904K, reserved 1048576K
}
Event: 22.446 GC heap after
{Heap after GC invocations=58 (full 0):
 garbage-first heap   total 273408K, used 84715K [0x0000000080000000, 0x0000000100000000)
  region size 1024K, 2 young (2048K), 2 survivors (2048K)
 Metaspace       used 87094K, committed 87744K, reserved 1130496K
  class space    used 11625K, committed 11904K, reserved 1048576K
}
Event: 34.639 GC heap before
{Heap before GC invocations=58 (full 0):
 garbage-first heap   total 273408K, used 220907K [0x0000000080000000, 0x0000000100000000)
  region size 1024K, 136 young (139264K), 2 survivors (2048K)
 Metaspace       used 90901K, committed 91520K, reserved 1130496K
  class space    used 12124K, committed 12416K, reserved 1048576K
}
Event: 34.700 GC heap after
{Heap after GC invocations=59 (full 0):
 garbage-first heap   total 273408K, used 96556K [0x0000000080000000, 0x0000000100000000)
  region size 1024K, 14 young (14336K), 14 survivors (14336K)
 Metaspace       used 90901K, committed 91520K, reserved 1130496K
  class space    used 12124K, committed 12416K, reserved 1048576K
}
Event: 42.316 GC heap before
{Heap before GC invocations=59 (full 0):
 garbage-first heap   total 273408K, used 216364K [0x0000000080000000, 0x0000000100000000)
  region size 1024K, 132 young (135168K), 14 survivors (14336K)
 Metaspace       used 94145K, committed 94784K, reserved 1138688K
  class space    used 12507K, committed 12800K, reserved 1048576K
}
Event: 42.346 GC heap after
{Heap after GC invocations=60 (full 0):
 garbage-first heap   total 273408K, used 104274K [0x0000000080000000, 0x0000000100000000)
  region size 1024K, 11 young (11264K), 11 survivors (11264K)
 Metaspace       used 94145K, committed 94784K, reserved 1138688K
  class space    used 12507K, committed 12800K, reserved 1048576K
}
Event: 47.486 GC heap before
{Heap before GC invocations=60 (full 0):
 garbage-first heap   total 273408K, used 221010K [0x0000000080000000, 0x0000000100000000)
  region size 1024K, 122 young (124928K), 11 survivors (11264K)
 Metaspace       used 100477K, committed 101120K, reserved 1138688K
  class space    used 13233K, committed 13568K, reserved 1048576K
}
Event: 47.556 GC heap after
{Heap after GC invocations=61 (full 0):
 garbage-first heap   total 273408K, used 128775K [0x0000000080000000, 0x0000000100000000)
  region size 1024K, 16 young (16384K), 16 survivors (16384K)
 Metaspace       used 100477K, committed 101120K, reserved 1138688K
  class space    used 13233K, committed 13568K, reserved 1048576K
}
Event: 49.159 GC heap before
{Heap before GC invocations=61 (full 0):
 garbage-first heap   total 273408K, used 211719K [0x0000000080000000, 0x0000000100000000)
  region size 1024K, 97 young (99328K), 16 survivors (16384K)
 Metaspace       used 102811K, committed 103488K, reserved 1146880K
  class space    used 13443K, committed 13760K, reserved 1048576K
}
Event: 49.186 GC heap after
{Heap after GC invocations=62 (full 0):
 garbage-first heap   total 273408K, used 136808K [0x0000000080000000, 0x0000000100000000)
  region size 1024K, 8 young (8192K), 8 survivors (8192K)
 Metaspace       used 102811K, committed 103488K, reserved 1146880K
  class space    used 13443K, committed 13760K, reserved 1048576K
}
Event: 50.455 GC heap before
{Heap before GC invocations=62 (full 0):
 garbage-first heap   total 273408K, used 215656K [0x0000000080000000, 0x0000000100000000)
  region size 1024K, 85 young (87040K), 8 survivors (8192K)
 Metaspace       used 103301K, committed 103936K, reserved 1146880K
  class space    used 13446K, committed 13760K, reserved 1048576K
}
Event: 50.470 GC heap after
{Heap after GC invocations=63 (full 0):
 garbage-first heap   total 273408K, used 139857K [0x0000000080000000, 0x0000000100000000)
  region size 1024K, 3 young (3072K), 3 survivors (3072K)
 Metaspace       used 103301K, committed 103936K, reserved 1146880K
  class space    used 13446K, committed 13760K, reserved 1048576K
}
Event: 52.892 GC heap before
{Heap before GC invocations=63 (full 0):
 garbage-first heap   total 273408K, used 219729K [0x0000000080000000, 0x0000000100000000)
  region size 1024K, 82 young (83968K), 3 survivors (3072K)
 Metaspace       used 103717K, committed 104320K, reserved 1146880K
  class space    used 13478K, committed 13760K, reserved 1048576K
}
Event: 52.903 GC heap after
{Heap after GC invocations=64 (full 0):
 garbage-first heap   total 273408K, used 142062K [0x0000000080000000, 0x0000000100000000)
  region size 1024K, 5 young (5120K), 5 survivors (5120K)
 Metaspace       used 103717K, committed 104320K, reserved 1146880K
  class space    used 13478K, committed 13760K, reserved 1048576K
}
Event: 53.744 GC heap before
{Heap before GC invocations=64 (full 0):
 garbage-first heap   total 273408K, used 227054K [0x0000000080000000, 0x0000000100000000)
  region size 1024K, 85 young (87040K), 5 survivors (5120K)
 Metaspace       used 109022K, committed 109632K, reserved 1146880K
  class space    used 14356K, committed 14656K, reserved 1048576K
}
Event: 53.772 GC heap after
{Heap after GC invocations=65 (full 0):
 garbage-first heap   total 273408K, used 155647K [0x0000000080000000, 0x0000000100000000)
  region size 1024K, 11 young (11264K), 11 survivors (11264K)
 Metaspace       used 109022K, committed 109632K, reserved 1146880K
  class space    used 14356K, committed 14656K, reserved 1048576K
}
Event: 54.459 GC heap before
{Heap before GC invocations=65 (full 0):
 garbage-first heap   total 273408K, used 221183K [0x0000000080000000, 0x0000000100000000)
  region size 1024K, 76 young (77824K), 11 survivors (11264K)
 Metaspace       used 114106K, committed 114752K, reserved 1155072K
  class space    used 15278K, committed 15616K, reserved 1048576K
}
Event: 54.480 GC heap after
{Heap after GC invocations=66 (full 0):
 garbage-first heap   total 273408K, used 161138K [0x0000000080000000, 0x0000000100000000)
  region size 1024K, 5 young (5120K), 5 survivors (5120K)
 Metaspace       used 114106K, committed 114752K, reserved 1155072K
  class space    used 15278K, committed 15616K, reserved 1048576K
}
Event: 54.832 GC heap before
{Heap before GC invocations=66 (full 0):
 garbage-first heap   total 273408K, used 223602K [0x0000000080000000, 0x0000000100000000)
  region size 1024K, 67 young (68608K), 5 survivors (5120K)
 Metaspace       used 115785K, committed 116480K, reserved 1155072K
  class space    used 15557K, committed 15872K, reserved 1048576K
}

